2020-04-15 15:04:32,270 [19] INFO Transporte.Log - {"User":"douglas@mitigt.com","Class":"General","Method":"Get","Data":{"ip":"::1"}}
2020-04-15 15:05:33,430 [24] INFO Transporte.Log - {"User":"douglas@mitigt.com","Class":"ServiceType","Method":"Get","Data":{"ip":"::1"}}
2020-04-15 15:13:03,993 [33] INFO Transporte.Log - {"User":"douglas@mitigt.com","Class":"ServiceType","Method":"Get","Data":{"ip":"::1"}}
2020-04-15 17:14:31,652 [4] INFO Transporte.Log - {"User":"douglas@mitigt.com","Class":"ServiceType","Method":"Get","Data":{"ip":"::1"}}
2020-04-15 17:14:34,508 [4] INFO Transporte.Log - {"User":"douglas@mitigt.com","Class":"Service","Method":"Get","Data":{"ip":"::1"}}
2020-04-15 17:37:27,937 [4] INFO Transporte.Log - {"User":"douglas@mitigt.com","Class":"Service","Method":"GetGrouped","Data":{"ip":"::1"}}
2020-04-15 17:39:23,447 [4] INFO Transporte.Log - {"User":"douglas@mitigt.com","Class":"Service","Method":"GetGrouped","Data":{"ip":"::1"}}
2020-04-15 19:43:29,482 [18] INFO Transporte.Log - {"User":"douglas@mitigt.com","Class":"ExpenseType","Method":"Get","Data":{"ip":"::1"}}
2020-04-15 19:43:57,069 [18] INFO Transporte.Log - {"User":"douglas@mitigt.com","Class":"Expense","Method":"Get","Data":{"ip":"::1"}}
2020-04-15 19:47:56,082 [28] INFO Transporte.Log - {"User":"douglas@mitigt.com","Class":"Expense","Method":"GetGrouped","Data":{"ip":"::1"}}
2020-04-15 21:20:20,194 [6] INFO Transporte.Log - {"User":"douglas@mitigt.com","Class":"General","Method":"GetTransactionType","Data":{"ip":"::1"}}
2020-04-15 22:04:32,237 [4] INFO Transporte.Log - {"User":"douglas@mitigt.com","Class":"Expense","Method":"Get","Data":{"ip":"::1"}}
2020-04-15 22:04:39,246 [4] INFO Transporte.Log - {"User":"douglas@mitigt.com","Class":"Service","Method":"Get","Data":{"ip":"::1"}}
2020-04-15 23:02:57,458 [18] INFO Transporte.Log - {"User":"douglas@mitigt.com","Class":"VehicleType","Method":"Get","Data":{"ip":"::1"}}
2020-04-15 23:03:38,188 [23] INFO Transporte.Log - {"User":"douglas@mitigt.com","Class":"Brand","Method":"Get","Data":{"ip":"::1"}}
2020-04-15 23:03:59,758 [27] INFO Transporte.Log - {"User":"douglas@mitigt.com","Class":"Brand","Method":"GetGrouped","Data":{"ip":"::1"}}
2020-04-15 23:06:17,750 [4] INFO Transporte.Log - {"User":"douglas@mitigt.com","Class":"Brand","Method":"GetGrouped","Data":{"ip":"::1"}}
2020-04-15 23:07:27,131 [4] INFO Transporte.Log - {"User":"douglas@mitigt.com","Class":"BrandModel","Method":"Get","Data":{"ip":"::1"}}
2020-04-15 23:07:27,288 [4] ERROR Transporte.Log - {"User":"douglas@mitigt.com","Class":"BrandModelController","Method":"Get","Error":"Object reference not set to an instance of an object."}
2020-04-15 23:08:12,778 [16] INFO Transporte.Log - {"User":"douglas@mitigt.com","Class":"BrandModel","Method":"Get","Data":{"ip":"::1"}}
2020-04-15 23:10:27,336 [4] INFO Transporte.Log - {"User":"douglas@mitigt.com","Class":"BrandModel","Method":"Get","Data":{"ip":"::1"}}
2020-04-15 23:11:48,466 [4] INFO Transporte.Log - {"User":"douglas@mitigt.com","Class":"BrandModel","Method":"GetGrouped","Data":{"ip":"::1"}}
2020-04-15 23:11:48,636 [4] ERROR Transporte.Log - {"User":"douglas@mitigt.com","Class":"BrandModelController","Method":"GetGrouped","Error":"Object reference not set to an instance of an object."}
2020-04-15 23:12:13,518 [16] INFO Transporte.Log - {"User":"douglas@mitigt.com","Class":"BrandModel","Method":"GetGrouped","Data":{"ip":"::1"}}
2020-04-15 23:13:55,791 [4] INFO Transporte.Log - {"User":"douglas@mitigt.com","Class":"BrandModel","Method":"GetGrouped","Data":{"ip":"::1"}}
2020-04-15 23:18:49,425 [6] INFO Transporte.Log - {"User":"douglas@mitigt.com","Class":"RegistrationType","Method":"Get","Data":{"ip":"::1"}}
2020-04-15 23:28:33,731 [4] INFO Transporte.Log - {"User":"douglas@mitigt.com","Class":"VehicleType","Method":"Get","Data":{"ip":"::1"}}
